mode: set
github.com/nikk-gr/svgPlot/curve.go:26.95,28.2 1 1
github.com/nikk-gr/svgPlot/curve.go:28.2,29.23 1 1
github.com/nikk-gr/svgPlot/curve.go:29.23,32.4 2 1
github.com/nikk-gr/svgPlot/curve.go:33.3,33.17 1 1
github.com/nikk-gr/svgPlot/curve.go:33.17,36.4 2 1
github.com/nikk-gr/svgPlot/curve.go:37.3,37.17 1 1
github.com/nikk-gr/svgPlot/curve.go:37.17,40.4 2 1
github.com/nikk-gr/svgPlot/curve.go:43.2,45.30 3 1
github.com/nikk-gr/svgPlot/curve.go:45.30,46.13 1 1
github.com/nikk-gr/svgPlot/curve.go:46.13,48.4 1 1
github.com/nikk-gr/svgPlot/curve.go:48.9,50.4 1 1
github.com/nikk-gr/svgPlot/curve.go:51.3,53.29 3 1
github.com/nikk-gr/svgPlot/curve.go:55.2,56.8 2 1
github.com/nikk-gr/svgPlot/curve.go:60.93,62.2 1 1
github.com/nikk-gr/svgPlot/curve.go:62.2,63.23 1 1
github.com/nikk-gr/svgPlot/curve.go:63.23,66.4 2 1
github.com/nikk-gr/svgPlot/curve.go:67.3,67.17 1 1
github.com/nikk-gr/svgPlot/curve.go:67.17,70.4 2 1
github.com/nikk-gr/svgPlot/curve.go:71.3,71.17 1 1
github.com/nikk-gr/svgPlot/curve.go:71.17,74.4 2 1
github.com/nikk-gr/svgPlot/curve.go:77.2,78.30 2 1
github.com/nikk-gr/svgPlot/curve.go:78.30,82.3 3 1
github.com/nikk-gr/svgPlot/curve.go:84.2,84.8 1 1
github.com/nikk-gr/svgPlot/curve.go:88.94,90.2 1 1
github.com/nikk-gr/svgPlot/curve.go:90.2,91.23 1 1
github.com/nikk-gr/svgPlot/curve.go:91.23,94.4 2 1
github.com/nikk-gr/svgPlot/curve.go:95.3,95.17 1 1
github.com/nikk-gr/svgPlot/curve.go:95.17,98.4 2 1
github.com/nikk-gr/svgPlot/curve.go:99.3,99.17 1 1
github.com/nikk-gr/svgPlot/curve.go:99.17,102.4 2 1
github.com/nikk-gr/svgPlot/curve.go:106.2,107.2 2 1
github.com/nikk-gr/svgPlot/curve.go:107.2,112.31 2 1
github.com/nikk-gr/svgPlot/curve.go:112.31,114.14 2 1
github.com/nikk-gr/svgPlot/curve.go:114.14,117.5 2 1
github.com/nikk-gr/svgPlot/curve.go:117.10,117.33 1 1
github.com/nikk-gr/svgPlot/curve.go:117.33,120.5 2 1
github.com/nikk-gr/svgPlot/curve.go:122.3,122.18 1 1
github.com/nikk-gr/svgPlot/curve.go:122.18,124.4 1 1
github.com/nikk-gr/svgPlot/curve.go:128.2,128.21 1 1
github.com/nikk-gr/svgPlot/curve.go:128.21,130.3 1 1
github.com/nikk-gr/svgPlot/curve.go:133.2,135.37 3 1
github.com/nikk-gr/svgPlot/curve.go:135.37,137.3 1 1
github.com/nikk-gr/svgPlot/curve.go:140.2,153.21 4 1
github.com/nikk-gr/svgPlot/curve.go:153.21,154.38 1 1
github.com/nikk-gr/svgPlot/curve.go:154.38,161.4 1 1
github.com/nikk-gr/svgPlot/curve.go:165.2,166.35 2 1
github.com/nikk-gr/svgPlot/curve.go:166.35,168.3 1 1
github.com/nikk-gr/svgPlot/curve.go:169.2,170.8 2 1
github.com/nikk-gr/svgPlot/curve.go:174.85,177.14 1 1
github.com/nikk-gr/svgPlot/curve.go:177.14,180.3 2 1
github.com/nikk-gr/svgPlot/curve.go:181.2,181.14 1 1
github.com/nikk-gr/svgPlot/curve.go:181.14,184.3 2 1
github.com/nikk-gr/svgPlot/curve.go:185.2,185.14 1 1
github.com/nikk-gr/svgPlot/curve.go:185.14,188.3 2 1
github.com/nikk-gr/svgPlot/curve.go:192.2,226.8 12 1
github.com/nikk-gr/svgPlot/curve.go:230.43,243.2 1 1
github.com/nikk-gr/svgPlot/curve.go:245.54,250.2 1 1
github.com/nikk-gr/svgPlot/curve.go:252.34,254.2 1 1
github.com/nikk-gr/svgPlot/greed.go:13.61,14.19 1 1
github.com/nikk-gr/svgPlot/greed.go:14.19,17.3 2 1
github.com/nikk-gr/svgPlot/greed.go:18.2,20.18 3 1
github.com/nikk-gr/svgPlot/greed.go:20.18,21.33 1 1
github.com/nikk-gr/svgPlot/greed.go:21.33,22.20 1 1
github.com/nikk-gr/svgPlot/greed.go:22.20,24.5 1 1
github.com/nikk-gr/svgPlot/greed.go:24.10,24.27 1 1
github.com/nikk-gr/svgPlot/greed.go:24.27,26.5 1 1
github.com/nikk-gr/svgPlot/greed.go:29.2,29.8 1 1
github.com/nikk-gr/svgPlot/greed.go:33.42,37.2 3 1
github.com/nikk-gr/svgPlot/greed.go:40.117,42.23 2 1
github.com/nikk-gr/svgPlot/greed.go:42.23,44.3 1 1
github.com/nikk-gr/svgPlot/greed.go:46.2,46.16 1 1
github.com/nikk-gr/svgPlot/greed.go:46.16,49.3 2 1
github.com/nikk-gr/svgPlot/greed.go:51.2,56.36 5 1
github.com/nikk-gr/svgPlot/greed.go:56.36,57.97 1 1
github.com/nikk-gr/svgPlot/greed.go:57.97,60.4 2 1
github.com/nikk-gr/svgPlot/greed.go:64.2,65.25 2 1
github.com/nikk-gr/svgPlot/greed.go:65.25,69.3 3 1
github.com/nikk-gr/svgPlot/greed.go:69.8,69.32 1 1
github.com/nikk-gr/svgPlot/greed.go:69.32,73.3 3 0
github.com/nikk-gr/svgPlot/greed.go:73.8,77.3 3 1
github.com/nikk-gr/svgPlot/greed.go:78.2,79.38 2 1
github.com/nikk-gr/svgPlot/greed.go:79.38,80.15 1 1
github.com/nikk-gr/svgPlot/greed.go:80.15,82.4 1 1
github.com/nikk-gr/svgPlot/greed.go:82.9,84.4 1 1
github.com/nikk-gr/svgPlot/greed.go:86.2,87.6 2 1
github.com/nikk-gr/svgPlot/greed.go:87.6,90.17 3 1
github.com/nikk-gr/svgPlot/greed.go:90.17,92.9 2 1
github.com/nikk-gr/svgPlot/greed.go:95.2,97.8 3 1
github.com/nikk-gr/svgPlot/greed.go:100.36,101.11 1 1
github.com/nikk-gr/svgPlot/greed.go:102.46,103.8 1 1
github.com/nikk-gr/svgPlot/greed.go:104.21,105.11 1 1
github.com/nikk-gr/svgPlot/greed.go:106.36,107.11 1 1
github.com/nikk-gr/svgPlot/greed.go:108.16,109.8 1 1
github.com/nikk-gr/svgPlot/greed.go:110.16,111.9 1 1
github.com/nikk-gr/svgPlot/greed.go:112.36,113.11 1 1
github.com/nikk-gr/svgPlot/greed.go:114.11,115.12 1 1
github.com/nikk-gr/svgPlot/greed.go:116.21,117.11 1 1
github.com/nikk-gr/svgPlot/greed.go:118.51,119.11 1 1
github.com/nikk-gr/svgPlot/greed.go:120.21,121.11 1 1
github.com/nikk-gr/svgPlot/greed.go:122.111,123.11 1 1
github.com/nikk-gr/svgPlot/greed.go:124.10,125.8 1 1
github.com/nikk-gr/svgPlot/greed.go:127.2,127.8 1 1
github.com/nikk-gr/svgPlot/greed.go:131.41,134.32 2 1
github.com/nikk-gr/svgPlot/greed.go:134.32,136.3 1 1
github.com/nikk-gr/svgPlot/greed.go:137.2,137.28 1 1
github.com/nikk-gr/svgPlot/greed.go:141.176,144.25 1 1
github.com/nikk-gr/svgPlot/greed.go:144.25,147.3 2 1
github.com/nikk-gr/svgPlot/greed.go:148.2,148.25 1 1
github.com/nikk-gr/svgPlot/greed.go:148.25,151.3 2 1
github.com/nikk-gr/svgPlot/greed.go:154.2,163.38 3 1
github.com/nikk-gr/svgPlot/greed.go:163.38,165.24 2 1
github.com/nikk-gr/svgPlot/greed.go:165.24,167.4 1 1
github.com/nikk-gr/svgPlot/greed.go:169.2,175.43 4 1
github.com/nikk-gr/svgPlot/greed.go:175.43,178.3 2 1
github.com/nikk-gr/svgPlot/greed.go:179.2,179.47 1 1
github.com/nikk-gr/svgPlot/greed.go:179.47,182.3 2 1
github.com/nikk-gr/svgPlot/greed.go:185.2,187.2 2 1
github.com/nikk-gr/svgPlot/greed.go:187.2,192.39 5 1
github.com/nikk-gr/svgPlot/greed.go:192.39,195.14 3 1
github.com/nikk-gr/svgPlot/greed.go:195.14,197.5 1 1
github.com/nikk-gr/svgPlot/greed.go:197.10,199.5 1 1
github.com/nikk-gr/svgPlot/greed.go:200.4,200.21 1 1
github.com/nikk-gr/svgPlot/greed.go:204.2,209.39 5 1
github.com/nikk-gr/svgPlot/greed.go:209.39,212.29 3 1
github.com/nikk-gr/svgPlot/greed.go:212.29,214.5 1 1
github.com/nikk-gr/svgPlot/greed.go:214.10,216.5 1 1
github.com/nikk-gr/svgPlot/greed.go:217.4,217.23 1 1
github.com/nikk-gr/svgPlot/greed.go:220.2,224.8 5 1
github.com/nikk-gr/svgPlot/math.go:9.71,10.14 1 1
github.com/nikk-gr/svgPlot/math.go:10.14,12.3 1 1
github.com/nikk-gr/svgPlot/math.go:12.8,15.3 1 1
github.com/nikk-gr/svgPlot/math.go:18.40,20.2 1 1
github.com/nikk-gr/svgPlot/plot.go:29.76,36.16 3 0
github.com/nikk-gr/svgPlot/plot.go:36.16,38.3 1 0
github.com/nikk-gr/svgPlot/plot.go:39.2,40.16 2 0
github.com/nikk-gr/svgPlot/plot.go:40.16,42.3 1 0
github.com/nikk-gr/svgPlot/plot.go:43.2,44.8 2 0
github.com/nikk-gr/svgPlot/plot.go:49.68,59.16 4 0
github.com/nikk-gr/svgPlot/plot.go:59.16,61.3 1 0
github.com/nikk-gr/svgPlot/plot.go:62.2,63.16 2 0
github.com/nikk-gr/svgPlot/plot.go:63.16,65.3 1 0
github.com/nikk-gr/svgPlot/plot.go:66.2,67.8 2 0
github.com/nikk-gr/svgPlot/plot.go:72.70,82.16 4 0
github.com/nikk-gr/svgPlot/plot.go:82.16,84.3 1 0
github.com/nikk-gr/svgPlot/plot.go:85.2,86.16 2 0
github.com/nikk-gr/svgPlot/plot.go:86.16,88.3 1 0
github.com/nikk-gr/svgPlot/plot.go:89.2,90.8 2 0
github.com/nikk-gr/svgPlot/plot.go:96.81,102.16 3 0
github.com/nikk-gr/svgPlot/plot.go:102.16,104.3 1 0
github.com/nikk-gr/svgPlot/plot.go:105.2,106.16 2 0
github.com/nikk-gr/svgPlot/plot.go:106.16,108.3 1 0
github.com/nikk-gr/svgPlot/plot.go:110.2,111.16 2 0
github.com/nikk-gr/svgPlot/plot.go:111.16,113.3 1 0
github.com/nikk-gr/svgPlot/plot.go:114.2,115.16 2 0
github.com/nikk-gr/svgPlot/plot.go:115.16,117.3 1 0
github.com/nikk-gr/svgPlot/plot.go:118.2,119.8 2 0
github.com/nikk-gr/svgPlot/plot.go:125.73,133.16 4 0
github.com/nikk-gr/svgPlot/plot.go:133.16,135.3 1 0
github.com/nikk-gr/svgPlot/plot.go:136.2,137.16 2 0
github.com/nikk-gr/svgPlot/plot.go:137.16,139.3 1 0
github.com/nikk-gr/svgPlot/plot.go:141.2,142.16 2 0
github.com/nikk-gr/svgPlot/plot.go:142.16,144.3 1 0
github.com/nikk-gr/svgPlot/plot.go:145.2,146.16 2 0
github.com/nikk-gr/svgPlot/plot.go:146.16,148.3 1 0
github.com/nikk-gr/svgPlot/plot.go:149.2,150.8 2 0
github.com/nikk-gr/svgPlot/plot.go:156.77,164.16 4 0
github.com/nikk-gr/svgPlot/plot.go:164.16,166.3 1 0
github.com/nikk-gr/svgPlot/plot.go:167.2,168.16 2 0
github.com/nikk-gr/svgPlot/plot.go:168.16,170.3 1 0
github.com/nikk-gr/svgPlot/plot.go:172.2,173.16 2 0
github.com/nikk-gr/svgPlot/plot.go:173.16,175.3 1 0
github.com/nikk-gr/svgPlot/plot.go:176.2,177.16 2 0
github.com/nikk-gr/svgPlot/plot.go:177.16,179.3 1 0
github.com/nikk-gr/svgPlot/plot.go:180.2,181.8 2 0
github.com/nikk-gr/svgPlot/plot.go:189.149,199.16 4 1
github.com/nikk-gr/svgPlot/plot.go:199.16,201.3 1 1
github.com/nikk-gr/svgPlot/plot.go:202.2,203.16 2 1
github.com/nikk-gr/svgPlot/plot.go:203.16,205.3 1 1
github.com/nikk-gr/svgPlot/plot.go:206.2,207.8 2 1
github.com/nikk-gr/svgPlot/plot.go:216.154,224.16 4 1
github.com/nikk-gr/svgPlot/plot.go:224.16,226.3 1 1
github.com/nikk-gr/svgPlot/plot.go:227.2,228.16 2 1
github.com/nikk-gr/svgPlot/plot.go:228.16,230.3 1 1
github.com/nikk-gr/svgPlot/plot.go:232.2,233.16 2 1
github.com/nikk-gr/svgPlot/plot.go:233.16,235.3 1 1
github.com/nikk-gr/svgPlot/plot.go:236.2,237.16 2 1
github.com/nikk-gr/svgPlot/plot.go:237.16,239.3 1 1
github.com/nikk-gr/svgPlot/plot.go:240.2,241.8 2 1
github.com/nikk-gr/svgPlot/plot.go:245.47,246.28 1 1
github.com/nikk-gr/svgPlot/plot.go:246.28,247.14 1 1
github.com/nikk-gr/svgPlot/plot.go:247.14,249.4 1 1
github.com/nikk-gr/svgPlot/plot.go:251.2,251.12 1 1
github.com/nikk-gr/svgPlot/plot.go:254.63,256.31 2 1
github.com/nikk-gr/svgPlot/plot.go:256.31,258.3 1 1
github.com/nikk-gr/svgPlot/plot.go:259.2,259.8 1 1
github.com/nikk-gr/svgPlot/plot.go:263.160,280.20 2 1
github.com/nikk-gr/svgPlot/plot.go:280.20,283.3 2 1
github.com/nikk-gr/svgPlot/plot.go:284.2,284.20 1 1
github.com/nikk-gr/svgPlot/plot.go:284.20,287.3 2 1
github.com/nikk-gr/svgPlot/plot.go:288.2,289.16 2 1
github.com/nikk-gr/svgPlot/plot.go:289.16,291.3 1 1
github.com/nikk-gr/svgPlot/plot.go:292.2,293.16 2 1
github.com/nikk-gr/svgPlot/plot.go:293.16,295.3 1 1
github.com/nikk-gr/svgPlot/plot.go:296.2,296.17 1 1
github.com/nikk-gr/svgPlot/plot.go:296.17,298.3 1 1
github.com/nikk-gr/svgPlot/plot.go:299.2,299.17 1 1
github.com/nikk-gr/svgPlot/plot.go:299.17,301.3 1 1
github.com/nikk-gr/svgPlot/plot.go:302.2,303.16 2 1
github.com/nikk-gr/svgPlot/plot.go:303.16,305.3 1 1
github.com/nikk-gr/svgPlot/plot.go:306.2,307.16 2 1
github.com/nikk-gr/svgPlot/plot.go:307.16,309.3 1 1
github.com/nikk-gr/svgPlot/plot.go:310.2,315.8 6 1
